<?xml version="1.0" encoding="UTF-8"?>
<!-- Generated by org.testng.reporters.JUnitXMLReporter -->
<testsuite ignored="0" hostname="DESKTOP-KT46ULE" failures="0" tests="3" name="Test" time="0.136" errors="0" timestamp="2025-10-11T13:55:41 IST">
  <testcase classname="github.GithubPracticeTest" name="githubTest" time="0.025"/>
  <testcase classname="jenkins.JenkinsPracticeTest" name="jenkinsTest" time="0.002"/>
  <testcase classname="maven.MavenPracticeTest" name="mavenTest" time="0.002"/>
</testsuite> <!-- Test -->
