<?xml version="1.0" encoding="UTF-8"?>
<testng-results ignored="0" total="3" passed="3" failed="0" skipped="0">
  <reporter-output>
  </reporter-output>
  <suite started-at="2025-10-11T13:55:41 IST" name="Suite" finished-at="2025-10-11T13:55:41 IST" duration-ms="136">
    <groups>
    </groups>
    <test started-at="2025-10-11T13:55:41 IST" name="Test" finished-at="2025-10-11T13:55:41 IST" duration-ms="136">
      <class name="maven.MavenPracticeTest">
        <test-method signature="mavenTest()[pri:0, instance:maven.MavenPracticeTest@3835c46]" started-at="2025-10-11T13:55:41 IST" name="mavenTest" finished-at="2025-10-11T13:55:41 IST" duration-ms="2" status="PASS">
          <reporter-output>
          </reporter-output>
        </test-method> <!-- mavenTest -->
      </class> <!-- maven.MavenPracticeTest -->
      <class name="jenkins.JenkinsPracticeTest">
        <test-method signature="jenkinsTest()[pri:0, instance:jenkins.JenkinsPracticeTest@20deea7f]" started-at="2025-10-11T13:55:41 IST" name="jenkinsTest" finished-at="2025-10-11T13:55:41 IST" duration-ms="2" status="PASS">
          <reporter-output>
          </reporter-output>
        </test-method> <!-- jenkinsTest -->
      </class> <!-- jenkins.JenkinsPracticeTest -->
      <class name="github.GithubPracticeTest">
        <test-method signature="githubTest()[pri:0, instance:github.GithubPracticeTest@2f7298b]" started-at="2025-10-11T13:55:41 IST" name="githubTest" finished-at="2025-10-11T13:55:41 IST" duration-ms="25" status="PASS">
          <reporter-output>
          </reporter-output>
        </test-method> <!-- githubTest -->
      </class> <!-- github.GithubPracticeTest -->
    </test> <!-- Test -->
  </suite> <!-- Suite -->
</testng-results>
